========================================================================================
Report      : INFO
Date        : 2020-02-20T16:34:36+0000
Description : ---------------------------------------------------------------
              -- The service is using the following configuration settings --
              ---------------------------------------------------------------
              Domain (id)          : ospl_sp_ddsi (0)
              Storage              : 0 Kbytes
              Storage threshold    : 1024 Kbytes
              Storage address      : Not available
              Locking              : default
              Memory mode          : Heap memory
              Builtin topics       : true
              Priority inheritance : false
              SystemId             : 957319541 from [1,2147483647]
Node        : aada00660458
Process     : python3.7 <2792>
Thread      : spliced 7ff65c012700
Internals   : 6.9.181127OSS/42c7caf/42c7caf/The OpenSplice domain service/u_domain.c/785/0/1582216476.600391981/0
========================================================================================
Report      : INFO
Date        : 2020-02-20T16:34:36+0000
Description : Service cmsoap disabled
Node        : aada00660458
Process     : python3.7 <2792>
Thread      : spliced 7ff65c012700
Internals   : 6.9.181127OSS/42c7caf/42c7caf/OpenSplice domain service/sr_componentInfo.c/446/0/1582216476.601070025/0
========================================================================================
Report      : INFO
Date        : 2020-02-20T16:34:36+0000
Description : ++++++++++++++++++++++++++++++++++++++++++++++++
              ++ The service 'splicedaemon' is now operational. 
              ++++++++++++++++++++++++++++++++++++++++++++++++
Node        : aada00660458
Process     : python3.7 <2792>
Thread      : spliced 7ff65c012700
Internals   : 6.9.181127OSS/42c7caf/42c7caf/v_serviceChangeState/v_service.c/266/0/1582216476.601769141/0
========================================================================================
Report      : INFO
Date        : 2020-02-20T16:34:36+0000
Description : ++++++++++++++++++++++++++++++++++++++++++++++++
              ++ The service 'ddsi2' is now operational. 
              ++++++++++++++++++++++++++++++++++++++++++++++++
Node        : aada00660458
Process     : python3.7 <2792>
Thread      : ddsi2 7ff641d8a700
Internals   : 6.9.181127OSS/42c7caf/42c7caf/v_serviceChangeState/v_service.c/266/0/1582216476.612610720/0
========================================================================================
Report      : INFO
Date        : 2020-02-20T16:34:36+0000
Description : The durability service can be identified by ID: 957319541
Node        : aada00660458
Process     : python3.7 <2792>
Thread      : durability 7ff642129700
Internals   : 6.9.181127OSS/42c7caf/42c7caf/DurabilityService/d_durability.c/554/0/1582216476.915494267/0
========================================================================================
Report      : INFO
Date        : 2020-02-20T16:34:45+0000
Description : ++++++++++++++++++++++++++++++++++++++++++++++++
              ++ The service 'durability' is now operational. 
              ++++++++++++++++++++++++++++++++++++++++++++++++
Node        : aada00660458
Process     : python3.7 <2792>
Thread      : conflictResolver 7ff641b35700
Internals   : 6.9.181127OSS/42c7caf/42c7caf/v_serviceChangeState/v_service.c/266/0/1582216485.400480923/0
========================================================================================
Report      : INFO
Date        : 2020-02-20T16:38:29+0000
Description : Missed heartbeat for node 33512512. (DCPSPublication is complete)
Node        : aada00660458
Process     : python3.7 <2792>
Thread      : OSPL Garbage Collector 7ff6429e2700
Internals   : 6.9.181127OSS/42c7caf/42c7caf/v_spliced/v_spliced.c/2062/769/1582216709.828861721/0
========================================================================================
Report      : INFO
Date        : 2020-02-20T16:42:50+0000
Description : Missed heartbeat for node 114651544. (DCPSPublication is complete)
Node        : aada00660458
Process     : python3.7 <2792>
Thread      : OSPL Garbage Collector 7ff6429e2700
Internals   : 6.9.181127OSS/42c7caf/42c7caf/v_spliced/v_spliced.c/2062/769/1582216970.179361483/0
========================================================================================
Report      : WARNING
Date        : 2020-02-20T18:01:51+0000
Description : Processing of lease 0x7ff63c005a50 is behind schedule; expiry-time=18148.143482403 and lag=4.701188457s (actionId=5 and duration=2.000000029s). This is often an indication that the machine is too busy. The lease manager will continue to function normally.
Node        : aada00660458
Process     : python3.7 <2792>
Thread      : watchdog 7ff642b87700
Internals   : 6.9.181127OSS/42c7caf/42c7caf/v_leaseManager/v_leaseManager.c/864/769/1582221711.886656499/0
========================================================================================
Report      : INFO
Date        : 2020-02-20T18:29:23+0000
Description : ---------------------------------------------------------------
              -- The service is using the following configuration settings --
              ---------------------------------------------------------------
              Domain (id)          : ospl_sp_ddsi (0)
              Storage              : 0 Kbytes
              Storage threshold    : 1024 Kbytes
              Storage address      : Not available
              Locking              : default
              Memory mode          : Heap memory
              Builtin topics       : true
              Priority inheritance : false
              SystemId             : 442254165 from [1,2147483647]
Node        : b9e9e9a20723
Process     : python3.7 <2505>
Thread      : spliced 7f14d84b4700
Internals   : 6.9.181127OSS/42c7caf/42c7caf/The OpenSplice domain service/u_domain.c/785/0/1582223363.253267886/0
========================================================================================
Report      : INFO
Date        : 2020-02-20T18:29:23+0000
Description : Service cmsoap disabled
Node        : b9e9e9a20723
Process     : python3.7 <2505>
Thread      : spliced 7f14d84b4700
Internals   : 6.9.181127OSS/42c7caf/42c7caf/OpenSplice domain service/sr_componentInfo.c/446/0/1582223363.253882719/0
========================================================================================
Report      : INFO
Date        : 2020-02-20T18:29:23+0000
Description : ++++++++++++++++++++++++++++++++++++++++++++++++
              ++ The service 'splicedaemon' is now operational. 
              ++++++++++++++++++++++++++++++++++++++++++++++++
Node        : b9e9e9a20723
Process     : python3.7 <2505>
Thread      : spliced 7f14d84b4700
Internals   : 6.9.181127OSS/42c7caf/42c7caf/v_serviceChangeState/v_service.c/266/0/1582223363.254491921/0
========================================================================================
Report      : INFO
Date        : 2020-02-20T18:29:23+0000
Description : ++++++++++++++++++++++++++++++++++++++++++++++++
              ++ The service 'ddsi2' is now operational. 
              ++++++++++++++++++++++++++++++++++++++++++++++++
Node        : b9e9e9a20723
Process     : python3.7 <2505>
Thread      : ddsi2 7f14c1bb1700
Internals   : 6.9.181127OSS/42c7caf/42c7caf/v_serviceChangeState/v_service.c/266/0/1582223363.265177281/0
========================================================================================
Report      : INFO
Date        : 2020-02-20T18:29:23+0000
Description : The durability service can be identified by ID: 442254165
Node        : b9e9e9a20723
Process     : python3.7 <2505>
Thread      : durability 7f14c1f50700
Internals   : 6.9.181127OSS/42c7caf/42c7caf/DurabilityService/d_durability.c/554/0/1582223363.569170168/0
========================================================================================
Report      : WARNING
Date        : 2020-02-20T18:29:44+0000
Description : Determining master based on majority voting, this may cause alignment issues.
Node        : b9e9e9a20723
Process     : python3.7 <2505>
Thread      : conflictResolver 7f14c195c700
Internals   : 6.9.181127OSS/42c7caf/42c7caf/d_groupLocalListenerDetermineMastersLegacy/d_groupLocalListener.c/1647/0/1582223384.742011453/0
========================================================================================
Report      : INFO
Date        : 2020-02-20T18:29:45+0000
Description : ++++++++++++++++++++++++++++++++++++++++++++++++
              ++ The service 'durability' is now operational. 
              ++++++++++++++++++++++++++++++++++++++++++++++++
Node        : b9e9e9a20723
Process     : python3.7 <2505>
Thread      : conflictResolver 7f14c195c700
Internals   : 6.9.181127OSS/42c7caf/42c7caf/v_serviceChangeState/v_service.c/266/0/1582223385.665046178/0
========================================================================================
Report      : INFO
Date        : 2020-02-20T18:33:53+0000
Description : Missed heartbeat for node 1182012774. (DCPSPublication is complete)
Node        : b9e9e9a20723
Process     : python3.7 <2505>
Thread      : OSPL Garbage Collector 7f14c2809700
Internals   : 6.9.181127OSS/42c7caf/42c7caf/v_spliced/v_spliced.c/2062/769/1582223633.463948603/0
========================================================================================
Report      : INFO
Date        : 2020-02-20T18:34:06+0000
Description : Missed heartbeat for node 1648753526. (DCPSPublication is complete)
Node        : b9e9e9a20723
Process     : python3.7 <2505>
Thread      : OSPL Garbage Collector 7f14c2809700
Internals   : 6.9.181127OSS/42c7caf/42c7caf/v_spliced/v_spliced.c/2062/769/1582223646.909063044/0
========================================================================================
Report      : WARNING
Date        : 2020-02-20T18:34:22+0000
Description : Determining master based on majority voting, this may cause alignment issues.
Node        : b9e9e9a20723
Process     : python3.7 <2505>
Thread      : masterMonitor 7f14c197e700
Internals   : 6.9.181127OSS/42c7caf/42c7caf/d_groupLocalListenerDetermineMastersLegacy/d_groupLocalListener.c/1647/0/1582223662.973365742/0
========================================================================================
Report      : INFO
Date        : 2020-02-20T18:36:37+0000
Description : Missed heartbeat for node 1576396563. (DCPSPublication is complete)
Node        : b9e9e9a20723
Process     : python3.7 <2505>
Thread      : OSPL Garbage Collector 7f14c2809700
Internals   : 6.9.181127OSS/42c7caf/42c7caf/v_spliced/v_spliced.c/2062/769/1582223797.164951998/0
========================================================================================
Report      : INFO
Date        : 2020-02-20T18:45:00+0000
Description : Missed heartbeat for node 14443460. (DCPSPublication is complete)
Node        : b9e9e9a20723
Process     : python3.7 <2505>
Thread      : OSPL Garbage Collector 7f14c2809700
Internals   : 6.9.181127OSS/42c7caf/42c7caf/v_spliced/v_spliced.c/2062/769/1582224300.089542561/0
========================================================================================
Report      : INFO
Date        : 2020-02-20T18:59:06+0000
Description : Missed heartbeat for node 874594043. (DCPSPublication is complete)
Node        : b9e9e9a20723
Process     : python3.7 <2505>
Thread      : OSPL Garbage Collector 7f14c2809700
Internals   : 6.9.181127OSS/42c7caf/42c7caf/v_spliced/v_spliced.c/2062/769/1582225146.523696860/0
========================================================================================
Report      : INFO
Date        : 2020-02-20T19:06:01+0000
Description : Missed heartbeat for node 191965614. (DCPSPublication is complete)
Node        : b9e9e9a20723
Process     : python3.7 <2505>
Thread      : OSPL Garbage Collector 7f14c2809700
Internals   : 6.9.181127OSS/42c7caf/42c7caf/v_spliced/v_spliced.c/2062/769/1582225561.992983947/0
========================================================================================
Report      : INFO
Date        : 2020-02-20T19:08:34+0000
Description : Missed heartbeat for node 1078774088. (DCPSPublication is complete)
Node        : b9e9e9a20723
Process     : python3.7 <2505>
Thread      : OSPL Garbage Collector 7f14c2809700
Internals   : 6.9.181127OSS/42c7caf/42c7caf/v_spliced/v_spliced.c/2062/769/1582225714.060265461/0
========================================================================================
Report      : INFO
Date        : 2020-02-20T19:08:34+0000
Description : Missed heartbeat for node 922428270. (DCPSPublication is complete)
Node        : b9e9e9a20723
Process     : python3.7 <2505>
Thread      : OSPL Garbage Collector 7f14c2809700
Internals   : 6.9.181127OSS/42c7caf/42c7caf/v_spliced/v_spliced.c/2062/769/1582225714.081355947/0
========================================================================================
Report      : INFO
Date        : 2020-02-20T19:08:34+0000
Description : Missed heartbeat for node 9249239. (DCPSPublication is complete)
Node        : b9e9e9a20723
Process     : python3.7 <2505>
Thread      : OSPL Garbage Collector 7f14c2809700
Internals   : 6.9.181127OSS/42c7caf/42c7caf/v_spliced/v_spliced.c/2062/769/1582225714.102776328/0
========================================================================================
Report      : INFO
Date        : 2020-02-20T19:08:34+0000
Description : Missed heartbeat for node 2125828985. (DCPSPublication is complete)
Node        : b9e9e9a20723
Process     : python3.7 <2505>
Thread      : OSPL Garbage Collector 7f14c2809700
Internals   : 6.9.181127OSS/42c7caf/42c7caf/v_spliced/v_spliced.c/2062/769/1582225714.123618862/0
========================================================================================
Report      : INFO
Date        : 2020-02-20T19:37:02+0000
Description : ---------------------------------------------------------------
              -- The service is using the following configuration settings --
              ---------------------------------------------------------------
              Domain (id)          : ospl_sp_ddsi (0)
              Storage              : 0 Kbytes
              Storage threshold    : 1024 Kbytes
              Storage address      : Not available
              Locking              : default
              Memory mode          : Heap memory
              Builtin topics       : true
              Priority inheritance : false
              SystemId             : 1833917668 from [1,2147483647]
Node        : e3d615c2b128
Process     : python3.7 <2495>
Thread      : spliced 7f736a829700
Internals   : 6.9.181127OSS/42c7caf/42c7caf/The OpenSplice domain service/u_domain.c/785/0/1582227422.055081876/0
========================================================================================
Report      : INFO
Date        : 2020-02-20T19:37:02+0000
Description : Service cmsoap disabled
Node        : e3d615c2b128
Process     : python3.7 <2495>
Thread      : spliced 7f736a829700
Internals   : 6.9.181127OSS/42c7caf/42c7caf/OpenSplice domain service/sr_componentInfo.c/446/0/1582227422.055813407/0
========================================================================================
Report      : INFO
Date        : 2020-02-20T19:37:02+0000
Description : ++++++++++++++++++++++++++++++++++++++++++++++++
              ++ The service 'splicedaemon' is now operational. 
              ++++++++++++++++++++++++++++++++++++++++++++++++
Node        : e3d615c2b128
Process     : python3.7 <2495>
Thread      : spliced 7f736a829700
Internals   : 6.9.181127OSS/42c7caf/42c7caf/v_serviceChangeState/v_service.c/266/0/1582227422.057414776/0
========================================================================================
Report      : INFO
Date        : 2020-02-20T19:37:02+0000
Description : ++++++++++++++++++++++++++++++++++++++++++++++++
              ++ The service 'ddsi2' is now operational. 
              ++++++++++++++++++++++++++++++++++++++++++++++++
Node        : e3d615c2b128
Process     : python3.7 <2495>
Thread      : ddsi2 7f736999a700
Internals   : 6.9.181127OSS/42c7caf/42c7caf/v_serviceChangeState/v_service.c/266/0/1582227422.077904846/0
========================================================================================
Report      : INFO
Date        : 2020-02-20T19:37:02+0000
Description : The durability service can be identified by ID: 1833917668
Node        : e3d615c2b128
Process     : python3.7 <2495>
Thread      : durability 7f7369d39700
Internals   : 6.9.181127OSS/42c7caf/42c7caf/DurabilityService/d_durability.c/554/0/1582227422.380065791/0
========================================================================================
Report      : INFO
Date        : 2020-02-20T19:37:11+0000
Description : ++++++++++++++++++++++++++++++++++++++++++++++++
              ++ The service 'durability' is now operational. 
              ++++++++++++++++++++++++++++++++++++++++++++++++
Node        : e3d615c2b128
Process     : python3.7 <2495>
Thread      : conflictResolver 7f7369745700
Internals   : 6.9.181127OSS/42c7caf/42c7caf/v_serviceChangeState/v_service.c/266/0/1582227431.663892829/0
========================================================================================
Report      : INFO
Date        : 2020-02-20T19:40:41+0000
Description : Missed heartbeat for node 1989778957. (DCPSPublication is complete)
Node        : e3d615c2b128
Process     : python3.7 <2495>
Thread      : OSPL Garbage Collector 7f736a5f2700
Internals   : 6.9.181127OSS/42c7caf/42c7caf/v_spliced/v_spliced.c/2062/769/1582227641.668528808/0
========================================================================================
Report      : INFO
Date        : 2020-02-20T19:43:10+0000
Description : Missed heartbeat for node 2109880448. (DCPSPublication is complete)
Node        : e3d615c2b128
Process     : python3.7 <2495>
Thread      : OSPL Garbage Collector 7f736a5f2700
Internals   : 6.9.181127OSS/42c7caf/42c7caf/v_spliced/v_spliced.c/2062/769/1582227790.431809174/0
========================================================================================
Report      : INFO
Date        : 2020-02-20T19:46:01+0000
Description : Missed heartbeat for node 110842254. (DCPSPublication is complete)
Node        : e3d615c2b128
Process     : python3.7 <2495>
Thread      : OSPL Garbage Collector 7f736a5f2700
Internals   : 6.9.181127OSS/42c7caf/42c7caf/v_spliced/v_spliced.c/2062/769/1582227961.312679686/0
========================================================================================
Report      : INFO
Date        : 2020-02-20T19:48:46+0000
Description : ---------------------------------------------------------------
              -- The service is using the following configuration settings --
              ---------------------------------------------------------------
              Domain (id)          : ospl_sp_ddsi (0)
              Storage              : 0 Kbytes
              Storage threshold    : 1024 Kbytes
              Storage address      : Not available
              Locking              : default
              Memory mode          : Heap memory
              Builtin topics       : true
              Priority inheritance : false
              SystemId             : 177749752 from [1,2147483647]
Node        : e3d615c2b128
Process     : python3.7 <2473>
Thread      : spliced 7fecf0014700
Internals   : 6.9.181127OSS/42c7caf/42c7caf/The OpenSplice domain service/u_domain.c/785/0/1582228126.068243652/0
========================================================================================
Report      : INFO
Date        : 2020-02-20T19:48:46+0000
Description : Service cmsoap disabled
Node        : e3d615c2b128
Process     : python3.7 <2473>
Thread      : spliced 7fecf0014700
Internals   : 6.9.181127OSS/42c7caf/42c7caf/OpenSplice domain service/sr_componentInfo.c/446/0/1582228126.068750625/0
========================================================================================
Report      : INFO
Date        : 2020-02-20T19:48:46+0000
Description : ++++++++++++++++++++++++++++++++++++++++++++++++
              ++ The service 'splicedaemon' is now operational. 
              ++++++++++++++++++++++++++++++++++++++++++++++++
Node        : e3d615c2b128
Process     : python3.7 <2473>
Thread      : spliced 7fecf0014700
Internals   : 6.9.181127OSS/42c7caf/42c7caf/v_serviceChangeState/v_service.c/266/0/1582228126.069648106/0
========================================================================================
Report      : INFO
Date        : 2020-02-20T19:48:46+0000
Description : ++++++++++++++++++++++++++++++++++++++++++++++++
              ++ The service 'ddsi2' is now operational. 
              ++++++++++++++++++++++++++++++++++++++++++++++++
Node        : e3d615c2b128
Process     : python3.7 <2473>
Thread      : ddsi2 7fecd5d09700
Internals   : 6.9.181127OSS/42c7caf/42c7caf/v_serviceChangeState/v_service.c/266/0/1582228126.092549796/0
========================================================================================
Report      : INFO
Date        : 2020-02-20T19:48:46+0000
Description : The durability service can be identified by ID: 177749752
Node        : e3d615c2b128
Process     : python3.7 <2473>
Thread      : durability 7fecd60a8700
Internals   : 6.9.181127OSS/42c7caf/42c7caf/DurabilityService/d_durability.c/554/0/1582228126.391968503/0
========================================================================================
Report      : INFO
Date        : 2020-02-20T19:48:56+0000
Description : ++++++++++++++++++++++++++++++++++++++++++++++++
              ++ The service 'durability' is now operational. 
              ++++++++++++++++++++++++++++++++++++++++++++++++
Node        : e3d615c2b128
Process     : python3.7 <2473>
Thread      : conflictResolver 7fecd5ab4700
Internals   : 6.9.181127OSS/42c7caf/42c7caf/v_serviceChangeState/v_service.c/266/0/1582228136.077601619/0
========================================================================================
Report      : INFO
Date        : 2020-02-20T19:52:19+0000
Description : Removed 1228 objects
Node        : e3d615c2b128
Process     : python3.7 <2473>
Thread      : main thread 7fed0f2fc740
Internals   : 6.9.181127OSS/42c7caf/42c7caf/Database close/c_base.c/3272/0/1582228339.568307552/0
========================================================================================
Report      : INFO
Date        : 2020-02-20T19:52:30+0000
Description : Missed heartbeat for node 177749752. (DCPSPublication is complete)
Node        : e3d615c2b128
Process     : python3.7 <2495>
Thread      : OSPL Garbage Collector 7f736a5f2700
Internals   : 6.9.181127OSS/42c7caf/42c7caf/v_spliced/v_spliced.c/2062/769/1582228350.195348802/0
